87.90
22.58
12.56
9.92
8.36
7.20
6.74
5.92
5.38
5.14
4.98
4.68
4.40
4.32
4.14
3.98
3.64
4.16
3.62
3.24
3.26
3.42
3.10
3.30
3.06
2.88
3.28
3.10
3.22
3.04
3.10
2.94
3.30
2.90
2.92
3.58
2.72
2.72
3.08
2.68
2.84
3.00
2.68
2.72
2.54
2.64
2.68
2.94
2.52
2.72
2.74
2.70
2.88
2.86
2.54
2.66
2.92
2.40
2.72
2.76
2.48
2.38
2.44
2.54
2.54
2.64
2.48
2.50
2.42
2.18
2.70
2.52
2.42
2.66
2.60
2.50
2.42
2.44
2.56
2.34
2.40
2.50
2.40
2.58
2.40
2.72
2.36
2.40
2.52
2.62
2.46
2.62
2.46
2.48
2.58
2.44
2.54
2.38
2.86
2.36
