91.84
24.36
11.46
8.30
6.58
6.10
5.52
5.24
5.02
4.32
4.18
4.24
3.88
3.54
4.14
3.22
3.28
3.28
2.94
3.20
3.30
3.04
3.06
3.18
2.82
2.98
2.90
2.76
2.86
3.02
2.64
2.50
2.74
2.62
2.60
2.70
2.32
2.46
2.76
2.32
2.34
2.52
2.42
2.30
2.46
2.30
2.34
2.72
2.44
2.32
2.52
2.38
2.26
2.62
2.34
2.48
2.70
2.20
2.34
2.46
2.28
2.32
2.32
2.28
2.42
2.18
2.38
2.18
2.34
2.24
2.34
2.36
2.24
2.14
2.50
2.14
2.38
2.36
2.18
2.32
2.16
2.38
2.24
2.12
2.24
2.08
2.62
2.28
2.24
2.38
2.34
2.36
2.18
2.22
2.14
2.14
2.12
2.04
2.20
2.06
