90.90
22.46
11.52
8.18
6.96
6.08
5.36
4.84
4.98
4.34
4.16
4.12
3.96
3.88
3.60
3.48
3.66
3.46
3.44
3.16
3.38
3.20
3.14
3.04
2.94
2.98
3.14
2.82
2.64
2.94
2.84
2.84
2.84
2.86
2.68
2.78
2.46
2.66
2.58
2.78
2.52
2.60
2.30
2.34
2.38
2.40
2.42
2.38
2.28
2.36
2.38
2.32
2.38
2.26
2.34
2.30
2.24
2.20
2.34
2.40
2.22
2.20
2.30
2.16
2.10
2.32
2.20
2.16
2.18
2.22
2.18
2.14
2.12
2.04
2.24
2.14
2.12
2.28
2.14
2.10
2.02
1.98
2.08
2.02
2.18
2.12
2.04
2.04
2.04
2.02
2.00
2.04
2.12
1.92
1.96
2.08
2.02
2.06
2.12
2.18
