88.22
26.84
11.98
8.56
7.72
6.24
5.28
5.02
4.56
4.32
3.96
3.74
3.52
3.28
3.02
3.12
3.14
2.74
2.72
2.80
2.60
2.56
2.40
2.38
2.28
2.28
2.24
2.28
2.22
2.14
2.26
2.16
2.14
2.16
2.10
2.12
2.00
2.24
1.98
2.04
2.02
1.90
1.92
2.00
1.94
1.96
2.12
2.02
2.00
1.88
1.86
1.86
1.88
1.96
1.90
1.70
1.88
1.82
1.90
2.08
1.74
1.84
1.78
1.70
2.10
1.88
1.84
1.88
1.86
1.66
1.98
1.78
1.72
1.78
1.72
1.74
1.90
1.72
1.64
1.84
1.98
1.74
1.80
1.68
1.68
1.76
1.54
1.78
1.88
1.78
1.74
1.84
1.88
1.74
1.84
1.72
2.00
1.66
1.82
1.70
