90.18
29.88
16.42
12.24
8.80
7.02
5.66
5.30
4.88
4.20
4.00
3.78
3.40
3.08
3.18
2.74
2.46
2.66
2.36
2.48
2.40
2.08
2.16
2.22
2.00
2.06
2.02
2.04
2.10
2.06
1.94
1.82
1.90
1.98
1.84
1.94
1.80
1.88
1.76
1.82
1.82
1.84
1.82
1.80
1.82
1.74
1.76
1.70
1.72
1.70
1.88
1.72
1.88
1.86
1.82
1.80
1.76
1.72
1.64
1.72
1.68
1.74
1.66
1.70
1.64
1.66
1.64
1.54
1.70
1.68
1.56
1.78
1.66
1.70
1.90
1.76
1.54
1.80
1.68
1.54
1.64
1.58
1.44
1.62
1.68
1.56
1.64
1.62
1.62
1.68
1.64
1.72
1.68
1.72
1.68
1.66
1.58
1.72
1.60
1.66
