96.06
34.14
14.28
9.12
6.90
5.52
4.94
4.54
4.14
3.72
3.30
3.18
2.98
2.76
2.68
2.70
2.56
2.52
2.52
2.30
2.40
2.32
2.26
2.34
2.24
2.28
2.16
2.32
2.08
2.08
2.08
2.08
2.00
1.98
2.08
2.06
1.92
2.00
2.06
2.02
2.10
2.12
2.04
2.02
1.96
2.12
1.94
1.96
1.98
1.90
1.98
1.92
1.84
2.00
1.88
1.98
1.94
1.86
1.96
2.00
1.96
1.90
1.94
1.90
1.94
1.84
1.84
1.86
1.84
2.00
1.84
1.94
1.96
1.86
1.96
1.94
1.86
1.92
1.80
1.84
1.96
1.78
1.80
2.00
1.90
1.96
1.88
1.80
1.70
2.00
1.92
1.72
1.96
1.86
1.92
1.80
1.86
1.84
1.88
1.78
