88.02
32.20
17.66
11.74
9.02
6.76
5.56
5.12
4.24
3.88
3.80
3.60
3.42
3.32
3.20
2.84
2.90
2.86
2.90
2.80
2.72
2.64
2.52
2.52
2.40
2.40
2.26
2.18
2.16
2.06
2.10
2.18
2.04
2.10
2.18
2.06
2.00
2.18
2.00
2.00
2.02
2.04
1.94
2.02
1.90
1.84
1.92
1.86
1.86
1.94
2.04
1.88
1.94
1.96
1.84
2.12
1.80
1.82
1.82
1.90
1.82
1.80
2.16
1.86
1.80
1.96
1.82
1.88
1.90
1.66
1.92
2.06
1.82
1.92
2.00
1.72
1.82
1.94
1.70
1.90
1.88
1.80
1.82
1.92
1.80
2.02
2.04
1.80
1.96
1.98
1.88
1.90
1.90
1.94
1.88
2.04
1.84
2.02
1.90
1.74
