87.72
27.24
14.38
12.00
8.98
8.36
7.88
6.92
6.52
6.44
5.46
5.52
5.30
4.84
4.80
4.46
4.42
4.26
4.30
3.58
3.90
3.62
3.40
3.28
3.20
3.24
3.42
3.10
3.08
3.28
3.02
3.22
2.82
2.86
3.06
3.00
2.76
2.72
2.94
2.72
2.88
2.94
2.70
2.82
2.96
2.72
2.94
2.90
2.66
2.74
2.82
2.48
2.62
2.98
2.68
2.60
2.56
2.60
2.66
2.64
2.60
2.50
2.48
2.52
2.60
2.58
2.38
2.54
2.34
2.44
2.54
2.72
2.38
2.58
2.52
2.30
2.34
2.50
2.56
2.44
2.48
2.34
2.48
2.50
2.28
2.52
2.46
2.42
2.48
2.58
2.46
2.26
2.48
2.52
2.38
2.36
2.50
2.48
2.32
2.42
