89.36
32.94
14.82
11.12
8.68
6.86
5.86
5.04
5.08
4.46
4.20
3.94
3.72
3.50
3.52
3.40
3.24
3.30
3.28
3.06
3.16
3.14
2.90
2.94
2.80
2.72
2.78
2.84
2.62
2.68
2.50
2.62
2.54
2.62
2.40
2.64
2.46
2.44
2.58
2.54
2.38
2.56
2.48
2.48
2.50
2.46
2.44
2.46
2.54
2.38
2.40
2.44
2.34
2.62
2.50
2.30
2.50
2.44
2.24
2.48
2.38
2.44
2.44
2.32
2.26
2.28
2.58
2.44
2.72
2.46
2.36
2.48
2.50
2.34
2.54
2.56
2.28
2.52
2.44
2.46
2.62
2.40
2.34
2.46
2.62
2.48
2.58
2.56
2.40
2.38
2.40
2.38
2.26
2.62
2.46
2.42
2.48
2.48
2.42
2.74
