92.10
55.92
31.84
18.66
15.30
11.18
8.96
8.06
6.70
5.66
4.98
4.82
4.48
4.14
4.10
3.96
3.92
3.62
3.56
3.46
3.50
3.44
3.24
3.26
3.34
3.02
3.26
3.18
3.06
3.18
3.14
2.88
3.24
3.06
3.02
3.14
2.92
2.86
2.98
2.86
2.82
3.04
2.86
2.84
2.98
2.94
2.90
3.04
3.08
2.80
2.84
2.98
2.98
3.04
3.08
3.04
3.04
3.00
2.84
2.92
3.12
2.90
3.12
3.22
3.06
3.00
3.04
3.00
3.00
3.22
3.06
3.00
3.14
3.10
3.34
3.14
3.18
3.08
3.32
3.20
3.40
3.20
3.10
3.16
3.44
3.34
3.34
3.30
3.12
3.32
3.24
3.18
3.36
3.36
3.38
3.30
3.44
3.48
3.38
3.72
